<?xml version="1.0" encoding="UTF-8"?>
<!-- Generated by org.testng.reporters.JUnitReportReporter -->
<testsuite hostname="DESKTOP-EVNKM3L" failures="0" tests="3" name="Testcripts.LoginTest" time="20.325" errors="0" timestamp="2024-03-27T17:19:14 IST" skipped="0">
  <testcase classname="Testcripts.LoginTest" name="loginWithoutCredentials" time="13.437"/>
  <system-out/>
  <testcase classname="Testcripts.LoginTest" name="loginWithInvalidCredentials" time="3.399"/>
  <system-out/>
  <testcase classname="Testcripts.LoginTest" name="loginWithValidCredentials" time="3.489"/>
  <system-out/>
</testsuite> <!-- Testcripts.LoginTest -->
